{
   "name":"u",
   "email":"kipmp",
   "the":[
      [
         
      ]
   ],
   "projects":[
      {
         "tasks":[
            {
               "description":"ewñwñuhsvppifxfxcl",
               "done":true,
               "due":{
                  "day":0,
                  "month":194,
                  "year":661
               }
            }
         ],
         "created_at":{
            "day":820,
            "month":871,
            "year":889
         }
      },
      {
         "tasks":[
            {
               "description":"wljjhutuxcvdix",
               "done":true,
               "due":{
                  "day":728,
                  "month":93,
                  "year":664
               }
            },
            {
               "description":"sqlan",
               "done":true,
               "due":{
                  "day":189,
                  "month":575,
                  "year":224
               }
            }
         ],
         "created_at":{
            "day":545,
            "month":532,
            "year":953
         }
      },
      {
         "tasks":[
            
         ],
         "created_at":{
            "day":496,
            "month":489,
            "year":609
         }
      },
      {
         "tasks":[
            {
               "description":"rupesyjsrsudf",
               "done":false,
               "due":{
                  "day":261,
                  "month":548,
                  "year":350
               }
            },
            {
               "description":"pmuoguwsl",
               "done":false,
               "due":{
                  "day":818,
                  "month":291,
                  "year":336
               }
            },
            {
               "description":"mbogtliwenfdfy",
               "done":true,
               "due":{
                  "day":465,
                  "month":142,
                  "year":323
               }
            }
         ],
         "created_at":{
            "day":828,
            "month":52,
            "year":95
         }
      }
   ]
}